1501496697817	geckodriver	INFO	geckodriver 0.18.0
1501496697835	geckodriver	INFO	Listening on 127.0.0.1:59005
1501496699950	geckodriver::marionette	INFO	Starting browser C:\Program Files\Mozilla Firefox\firefox.exe with args ["-marionette"]
[GFX1]: Potential driver version mismatch ignored due to missing DLLs igd10umd64 v= and igd10iumd64 v=
1501496708234	Marionette	INFO	Listening on port 59011
1501496708787	Marionette	WARN	TLS certificate errors will be ignored for this session
1501496711725	Marionette	INFO	New connections will no longer be accepted
 Task.

Full message: TypeError: NetworkError when attempting to fetch resource.
Full stack: 
*************************
1500025035873	Marionette	INFO	Ceased listening
922:23
walkerLoop@resource://gre/modules/Promise.jsm -> resource://gre/modules/Promise-backend.js:806:7
scheduleWalkerLoop/<@resource://gre/modules/Promise.jsm -> resource://gre/modules/Promise-backend.js:742:11
observe@resource://gre/modules/AsyncShutdown.jsm:550:9
addBlocker/moduleBlocker/<@resource://gre/components/nsAsyncShutdown.js:157:15
Promise@resource://gre/modules/Promise.jsm -> resource://gre/modules/Promise-backend.js:390:5
moduleBlocker@resource://gre/components/nsAsyncShutdown.js:153:29
trigger@resource://gre/modules/AsyncShutdown.jsm:719:23
_wait@resource://gre/modules/AsyncShutdown.jsm:866:7
wait@resource://gre/modules/AsyncShutdown.jsm:850:28
observe@resource://gre/modules/AsyncShutdown.jsm:533:17

1500023570052	Marionette	INFO	Ceased listening
